[2022-10-08T11:34:11.436+0000] {taskinstance.py:1165} INFO - Dependencies all met for <TaskInstance: my_dag.print_hey scheduled__2022-10-08T02:21:00+00:00 [queued]>
[2022-10-08T11:34:11.449+0000] {taskinstance.py:1165} INFO - Dependencies all met for <TaskInstance: my_dag.print_hey scheduled__2022-10-08T02:21:00+00:00 [queued]>
[2022-10-08T11:34:11.450+0000] {taskinstance.py:1362} INFO - 
--------------------------------------------------------------------------------
[2022-10-08T11:34:11.450+0000] {taskinstance.py:1363} INFO - Starting attempt 1 of 1
[2022-10-08T11:34:11.450+0000] {taskinstance.py:1364} INFO - 
--------------------------------------------------------------------------------
[2022-10-08T11:34:11.470+0000] {taskinstance.py:1383} INFO - Executing <Task(PythonOperator): print_hey> on 2022-10-08 02:21:00+00:00
[2022-10-08T11:34:11.529+0000] {standard_task_runner.py:54} INFO - Started process 29021 to run task
[2022-10-08T11:34:11.531+0000] {standard_task_runner.py:82} INFO - Running: ['***', 'tasks', 'run', 'my_dag', 'print_hey', 'scheduled__2022-10-08T02:21:00+00:00', '--job-id', '301', '--raw', '--subdir', 'DAGS_FOLDER/my_dag.py', '--cfg-path', '/tmp/tmp6x8jep49']
[2022-10-08T11:34:11.533+0000] {standard_task_runner.py:83} INFO - Job 301: Subtask print_hey
[2022-10-08T11:34:11.533+0000] {dagbag.py:525} INFO - Filling up the DagBag from /opt/***/dags/my_dag.py
[2022-10-08T11:34:12.026+0000] {taskmixin.py:205} WARNING - Dependency <Task(BashOperator): create_entry_group>, delete_entry_group already registered for DAG: example_complex
[2022-10-08T11:34:12.026+0000] {taskmixin.py:205} WARNING - Dependency <Task(BashOperator): delete_entry_group>, create_entry_group already registered for DAG: example_complex
[2022-10-08T11:34:12.026+0000] {taskmixin.py:205} WARNING - Dependency <Task(BashOperator): create_entry_gcs>, delete_entry already registered for DAG: example_complex
[2022-10-08T11:34:12.026+0000] {taskmixin.py:205} WARNING - Dependency <Task(BashOperator): delete_entry>, create_entry_gcs already registered for DAG: example_complex
[2022-10-08T11:34:12.027+0000] {taskmixin.py:205} WARNING - Dependency <Task(BashOperator): create_tag>, delete_tag already registered for DAG: example_complex
[2022-10-08T11:34:12.027+0000] {taskmixin.py:205} WARNING - Dependency <Task(BashOperator): delete_tag>, create_tag already registered for DAG: example_complex
[2022-10-08T11:34:12.032+0000] {taskmixin.py:205} WARNING - Dependency <Task(GetRequestOperator): get_ip>, prepare_email already registered for DAG: example_dag_decorator
[2022-10-08T11:34:12.032+0000] {taskmixin.py:205} WARNING - Dependency <Task(_PythonDecoratedOperator): prepare_email>, get_ip already registered for DAG: example_dag_decorator
[2022-10-08T11:34:12.032+0000] {taskmixin.py:205} WARNING - Dependency <Task(GetRequestOperator): get_ip>, prepare_email already registered for DAG: example_dag_decorator
[2022-10-08T11:34:12.032+0000] {taskmixin.py:205} WARNING - Dependency <Task(_PythonDecoratedOperator): prepare_email>, get_ip already registered for DAG: example_dag_decorator
[2022-10-08T11:34:12.033+0000] {taskmixin.py:205} WARNING - Dependency <Task(GetRequestOperator): get_ip>, prepare_email already registered for DAG: example_dag_decorator
[2022-10-08T11:34:12.033+0000] {taskmixin.py:205} WARNING - Dependency <Task(_PythonDecoratedOperator): prepare_email>, get_ip already registered for DAG: example_dag_decorator
[2022-10-08T11:34:12.033+0000] {taskmixin.py:205} WARNING - Dependency <Task(GetRequestOperator): get_ip>, prepare_email already registered for DAG: example_dag_decorator
[2022-10-08T11:34:12.033+0000] {taskmixin.py:205} WARNING - Dependency <Task(_PythonDecoratedOperator): prepare_email>, get_ip already registered for DAG: example_dag_decorator
[2022-10-08T11:34:12.033+0000] {taskmixin.py:205} WARNING - Dependency <Task(GetRequestOperator): get_ip>, prepare_email already registered for DAG: example_dag_decorator
[2022-10-08T11:34:12.033+0000] {taskmixin.py:205} WARNING - Dependency <Task(_PythonDecoratedOperator): prepare_email>, get_ip already registered for DAG: example_dag_decorator
[2022-10-08T11:34:12.034+0000] {taskmixin.py:205} WARNING - Dependency <Task(GetRequestOperator): get_ip>, prepare_email already registered for DAG: example_dag_decorator
[2022-10-08T11:34:12.034+0000] {taskmixin.py:205} WARNING - Dependency <Task(_PythonDecoratedOperator): prepare_email>, get_ip already registered for DAG: example_dag_decorator
[2022-10-08T11:34:12.035+0000] {taskmixin.py:205} WARNING - Dependency <Task(_PythonDecoratedOperator): prepare_email>, send_email already registered for DAG: example_dag_decorator
[2022-10-08T11:34:12.035+0000] {taskmixin.py:205} WARNING - Dependency <Task(EmailOperator): send_email>, prepare_email already registered for DAG: example_dag_decorator
[2022-10-08T11:34:12.035+0000] {taskmixin.py:205} WARNING - Dependency <Task(_PythonDecoratedOperator): prepare_email>, send_email already registered for DAG: example_dag_decorator
[2022-10-08T11:34:12.035+0000] {taskmixin.py:205} WARNING - Dependency <Task(EmailOperator): send_email>, prepare_email already registered for DAG: example_dag_decorator
[2022-10-08T11:34:12.035+0000] {taskmixin.py:205} WARNING - Dependency <Task(_PythonDecoratedOperator): prepare_email>, send_email already registered for DAG: example_dag_decorator
[2022-10-08T11:34:12.036+0000] {taskmixin.py:205} WARNING - Dependency <Task(EmailOperator): send_email>, prepare_email already registered for DAG: example_dag_decorator
[2022-10-08T11:34:12.036+0000] {taskmixin.py:205} WARNING - Dependency <Task(_PythonDecoratedOperator): prepare_email>, send_email already registered for DAG: example_dag_decorator
[2022-10-08T11:34:12.036+0000] {taskmixin.py:205} WARNING - Dependency <Task(EmailOperator): send_email>, prepare_email already registered for DAG: example_dag_decorator
[2022-10-08T11:34:12.036+0000] {taskmixin.py:205} WARNING - Dependency <Task(_PythonDecoratedOperator): prepare_email>, send_email already registered for DAG: example_dag_decorator
[2022-10-08T11:34:12.036+0000] {taskmixin.py:205} WARNING - Dependency <Task(EmailOperator): send_email>, prepare_email already registered for DAG: example_dag_decorator
[2022-10-08T11:34:12.036+0000] {taskmixin.py:205} WARNING - Dependency <Task(_PythonDecoratedOperator): prepare_email>, send_email already registered for DAG: example_dag_decorator
[2022-10-08T11:34:12.037+0000] {taskmixin.py:205} WARNING - Dependency <Task(EmailOperator): send_email>, prepare_email already registered for DAG: example_dag_decorator
[2022-10-08T11:34:12.131+0000] {taskmixin.py:205} WARNING - Dependency <Task(_PythonDecoratedOperator): print_the_context>, log_sql_query already registered for DAG: example_python_operator
[2022-10-08T11:34:12.132+0000] {taskmixin.py:205} WARNING - Dependency <Task(_PythonDecoratedOperator): log_sql_query>, print_the_context already registered for DAG: example_python_operator
[2022-10-08T11:34:12.133+0000] {taskmixin.py:205} WARNING - Dependency <Task(_PythonDecoratedOperator): print_the_context>, log_sql_query already registered for DAG: example_python_operator
[2022-10-08T11:34:12.133+0000] {taskmixin.py:205} WARNING - Dependency <Task(_PythonDecoratedOperator): log_sql_query>, print_the_context already registered for DAG: example_python_operator
[2022-10-08T11:34:12.133+0000] {taskmixin.py:205} WARNING - Dependency <Task(_PythonDecoratedOperator): print_the_context>, log_sql_query already registered for DAG: example_python_operator
[2022-10-08T11:34:12.134+0000] {taskmixin.py:205} WARNING - Dependency <Task(_PythonDecoratedOperator): log_sql_query>, print_the_context already registered for DAG: example_python_operator
[2022-10-08T11:34:12.134+0000] {taskmixin.py:205} WARNING - Dependency <Task(_PythonDecoratedOperator): print_the_context>, log_sql_query already registered for DAG: example_python_operator
[2022-10-08T11:34:12.135+0000] {taskmixin.py:205} WARNING - Dependency <Task(_PythonDecoratedOperator): log_sql_query>, print_the_context already registered for DAG: example_python_operator
[2022-10-08T11:34:12.181+0000] {taskmixin.py:205} WARNING - Dependency <Task(_PythonDecoratedOperator): task_group_function.task_1>, task_group_function.task_2 already registered for DAG: example_task_group_decorator
[2022-10-08T11:34:12.223+0000] {taskmixin.py:205} WARNING - Dependency <Task(_PythonDecoratedOperator): task_group_function.task_2>, task_group_function.task_1 already registered for DAG: example_task_group_decorator
[2022-10-08T11:34:12.224+0000] {taskmixin.py:205} WARNING - Dependency <Task(_PythonDecoratedOperator): task_group_function.task_1>, task_group_function.task_2 already registered for DAG: example_task_group_decorator
[2022-10-08T11:34:12.224+0000] {taskmixin.py:205} WARNING - Dependency <Task(_PythonDecoratedOperator): task_group_function.task_2>, task_group_function.task_1 already registered for DAG: example_task_group_decorator
[2022-10-08T11:34:12.225+0000] {taskmixin.py:205} WARNING - Dependency <Task(_PythonDecoratedOperator): task_group_function.task_1>, task_group_function.task_2 already registered for DAG: example_task_group_decorator
[2022-10-08T11:34:12.225+0000] {taskmixin.py:205} WARNING - Dependency <Task(_PythonDecoratedOperator): task_group_function.task_2>, task_group_function.task_1 already registered for DAG: example_task_group_decorator
[2022-10-08T11:34:12.225+0000] {taskmixin.py:205} WARNING - Dependency <Task(_PythonDecoratedOperator): task_group_function.task_1>, task_group_function.task_2 already registered for DAG: example_task_group_decorator
[2022-10-08T11:34:12.225+0000] {taskmixin.py:205} WARNING - Dependency <Task(_PythonDecoratedOperator): task_group_function.task_2>, task_group_function.task_1 already registered for DAG: example_task_group_decorator
[2022-10-08T11:34:12.225+0000] {taskmixin.py:205} WARNING - Dependency <Task(_PythonDecoratedOperator): task_group_function.task_1>, task_group_function.task_2 already registered for DAG: example_task_group_decorator
[2022-10-08T11:34:12.226+0000] {taskmixin.py:205} WARNING - Dependency <Task(_PythonDecoratedOperator): task_group_function.task_2>, task_group_function.task_1 already registered for DAG: example_task_group_decorator
[2022-10-08T11:34:12.226+0000] {taskmixin.py:205} WARNING - Dependency <Task(_PythonDecoratedOperator): task_group_function.task_1>, task_group_function.task_2 already registered for DAG: example_task_group_decorator
[2022-10-08T11:34:12.226+0000] {taskmixin.py:205} WARNING - Dependency <Task(_PythonDecoratedOperator): task_group_function.task_2>, task_group_function.task_1 already registered for DAG: example_task_group_decorator
[2022-10-08T11:34:12.227+0000] {taskmixin.py:205} WARNING - Dependency <Task(_PythonDecoratedOperator): task_group_function.task_2>, task_group_function.task_3 already registered for DAG: example_task_group_decorator
[2022-10-08T11:34:12.227+0000] {taskmixin.py:205} WARNING - Dependency <Task(_PythonDecoratedOperator): task_group_function.task_3>, task_group_function.task_2 already registered for DAG: example_task_group_decorator
[2022-10-08T11:34:12.227+0000] {taskmixin.py:205} WARNING - Dependency <Task(_PythonDecoratedOperator): task_group_function.task_2>, task_group_function.task_3 already registered for DAG: example_task_group_decorator
[2022-10-08T11:34:12.227+0000] {taskmixin.py:205} WARNING - Dependency <Task(_PythonDecoratedOperator): task_group_function.task_3>, task_group_function.task_2 already registered for DAG: example_task_group_decorator
[2022-10-08T11:34:12.227+0000] {taskmixin.py:205} WARNING - Dependency <Task(_PythonDecoratedOperator): task_group_function.task_2>, task_group_function.task_3 already registered for DAG: example_task_group_decorator
[2022-10-08T11:34:12.228+0000] {taskmixin.py:205} WARNING - Dependency <Task(_PythonDecoratedOperator): task_group_function.task_3>, task_group_function.task_2 already registered for DAG: example_task_group_decorator
[2022-10-08T11:34:12.228+0000] {taskmixin.py:205} WARNING - Dependency <Task(_PythonDecoratedOperator): task_group_function.task_2>, task_group_function.task_3 already registered for DAG: example_task_group_decorator
[2022-10-08T11:34:12.228+0000] {taskmixin.py:205} WARNING - Dependency <Task(_PythonDecoratedOperator): task_group_function.task_3>, task_group_function.task_2 already registered for DAG: example_task_group_decorator
[2022-10-08T11:34:12.228+0000] {taskmixin.py:205} WARNING - Dependency <Task(_PythonDecoratedOperator): task_group_function.task_2>, task_group_function.task_3 already registered for DAG: example_task_group_decorator
[2022-10-08T11:34:12.228+0000] {taskmixin.py:205} WARNING - Dependency <Task(_PythonDecoratedOperator): task_group_function.task_3>, task_group_function.task_2 already registered for DAG: example_task_group_decorator
[2022-10-08T11:34:12.228+0000] {taskmixin.py:205} WARNING - Dependency <Task(_PythonDecoratedOperator): task_group_function.task_2>, task_group_function.task_3 already registered for DAG: example_task_group_decorator
[2022-10-08T11:34:12.229+0000] {taskmixin.py:205} WARNING - Dependency <Task(_PythonDecoratedOperator): task_group_function.task_3>, task_group_function.task_2 already registered for DAG: example_task_group_decorator
[2022-10-08T11:34:12.230+0000] {taskmixin.py:205} WARNING - Dependency <Task(_PythonDecoratedOperator): task_group_function__1.task_1>, task_group_function__1.task_2 already registered for DAG: example_task_group_decorator
[2022-10-08T11:34:12.230+0000] {taskmixin.py:205} WARNING - Dependency <Task(_PythonDecoratedOperator): task_group_function__1.task_2>, task_group_function__1.task_1 already registered for DAG: example_task_group_decorator
[2022-10-08T11:34:12.231+0000] {taskmixin.py:205} WARNING - Dependency <Task(_PythonDecoratedOperator): task_group_function__1.task_1>, task_group_function__1.task_2 already registered for DAG: example_task_group_decorator
[2022-10-08T11:34:12.231+0000] {taskmixin.py:205} WARNING - Dependency <Task(_PythonDecoratedOperator): task_group_function__1.task_2>, task_group_function__1.task_1 already registered for DAG: example_task_group_decorator
[2022-10-08T11:34:12.231+0000] {taskmixin.py:205} WARNING - Dependency <Task(_PythonDecoratedOperator): task_group_function__1.task_1>, task_group_function__1.task_2 already registered for DAG: example_task_group_decorator
[2022-10-08T11:34:12.231+0000] {taskmixin.py:205} WARNING - Dependency <Task(_PythonDecoratedOperator): task_group_function__1.task_2>, task_group_function__1.task_1 already registered for DAG: example_task_group_decorator
[2022-10-08T11:34:12.231+0000] {taskmixin.py:205} WARNING - Dependency <Task(_PythonDecoratedOperator): task_group_function__1.task_1>, task_group_function__1.task_2 already registered for DAG: example_task_group_decorator
[2022-10-08T11:34:12.231+0000] {taskmixin.py:205} WARNING - Dependency <Task(_PythonDecoratedOperator): task_group_function__1.task_2>, task_group_function__1.task_1 already registered for DAG: example_task_group_decorator
[2022-10-08T11:34:12.232+0000] {taskmixin.py:205} WARNING - Dependency <Task(_PythonDecoratedOperator): task_group_function__1.task_1>, task_group_function__1.task_2 already registered for DAG: example_task_group_decorator
[2022-10-08T11:34:12.232+0000] {taskmixin.py:205} WARNING - Dependency <Task(_PythonDecoratedOperator): task_group_function__1.task_2>, task_group_function__1.task_1 already registered for DAG: example_task_group_decorator
[2022-10-08T11:34:12.232+0000] {taskmixin.py:205} WARNING - Dependency <Task(_PythonDecoratedOperator): task_group_function__1.task_1>, task_group_function__1.task_2 already registered for DAG: example_task_group_decorator
[2022-10-08T11:34:12.232+0000] {taskmixin.py:205} WARNING - Dependency <Task(_PythonDecoratedOperator): task_group_function__1.task_2>, task_group_function__1.task_1 already registered for DAG: example_task_group_decorator
[2022-10-08T11:34:12.232+0000] {taskmixin.py:205} WARNING - Dependency <Task(_PythonDecoratedOperator): task_group_function__1.task_2>, task_group_function__1.task_3 already registered for DAG: example_task_group_decorator
[2022-10-08T11:34:12.233+0000] {taskmixin.py:205} WARNING - Dependency <Task(_PythonDecoratedOperator): task_group_function__1.task_3>, task_group_function__1.task_2 already registered for DAG: example_task_group_decorator
[2022-10-08T11:34:12.233+0000] {taskmixin.py:205} WARNING - Dependency <Task(_PythonDecoratedOperator): task_group_function__1.task_2>, task_group_function__1.task_3 already registered for DAG: example_task_group_decorator
[2022-10-08T11:34:12.233+0000] {taskmixin.py:205} WARNING - Dependency <Task(_PythonDecoratedOperator): task_group_function__1.task_3>, task_group_function__1.task_2 already registered for DAG: example_task_group_decorator
[2022-10-08T11:34:12.233+0000] {taskmixin.py:205} WARNING - Dependency <Task(_PythonDecoratedOperator): task_group_function__1.task_2>, task_group_function__1.task_3 already registered for DAG: example_task_group_decorator
[2022-10-08T11:34:12.233+0000] {taskmixin.py:205} WARNING - Dependency <Task(_PythonDecoratedOperator): task_group_function__1.task_3>, task_group_function__1.task_2 already registered for DAG: example_task_group_decorator
[2022-10-08T11:34:12.233+0000] {taskmixin.py:205} WARNING - Dependency <Task(_PythonDecoratedOperator): task_group_function__1.task_2>, task_group_function__1.task_3 already registered for DAG: example_task_group_decorator
[2022-10-08T11:34:12.234+0000] {taskmixin.py:205} WARNING - Dependency <Task(_PythonDecoratedOperator): task_group_function__1.task_3>, task_group_function__1.task_2 already registered for DAG: example_task_group_decorator
[2022-10-08T11:34:12.234+0000] {taskmixin.py:205} WARNING - Dependency <Task(_PythonDecoratedOperator): task_group_function__1.task_2>, task_group_function__1.task_3 already registered for DAG: example_task_group_decorator
[2022-10-08T11:34:12.234+0000] {taskmixin.py:205} WARNING - Dependency <Task(_PythonDecoratedOperator): task_group_function__1.task_3>, task_group_function__1.task_2 already registered for DAG: example_task_group_decorator
[2022-10-08T11:34:12.234+0000] {taskmixin.py:205} WARNING - Dependency <Task(_PythonDecoratedOperator): task_group_function__1.task_2>, task_group_function__1.task_3 already registered for DAG: example_task_group_decorator
[2022-10-08T11:34:12.234+0000] {taskmixin.py:205} WARNING - Dependency <Task(_PythonDecoratedOperator): task_group_function__1.task_3>, task_group_function__1.task_2 already registered for DAG: example_task_group_decorator
[2022-10-08T11:34:12.235+0000] {taskmixin.py:205} WARNING - Dependency <Task(_PythonDecoratedOperator): task_group_function__2.task_1>, task_group_function__2.task_2 already registered for DAG: example_task_group_decorator
[2022-10-08T11:34:12.236+0000] {taskmixin.py:205} WARNING - Dependency <Task(_PythonDecoratedOperator): task_group_function__2.task_2>, task_group_function__2.task_1 already registered for DAG: example_task_group_decorator
[2022-10-08T11:34:12.236+0000] {taskmixin.py:205} WARNING - Dependency <Task(_PythonDecoratedOperator): task_group_function__2.task_1>, task_group_function__2.task_2 already registered for DAG: example_task_group_decorator
[2022-10-08T11:34:12.236+0000] {taskmixin.py:205} WARNING - Dependency <Task(_PythonDecoratedOperator): task_group_function__2.task_2>, task_group_function__2.task_1 already registered for DAG: example_task_group_decorator
[2022-10-08T11:34:12.236+0000] {taskmixin.py:205} WARNING - Dependency <Task(_PythonDecoratedOperator): task_group_function__2.task_1>, task_group_function__2.task_2 already registered for DAG: example_task_group_decorator
[2022-10-08T11:34:12.236+0000] {taskmixin.py:205} WARNING - Dependency <Task(_PythonDecoratedOperator): task_group_function__2.task_2>, task_group_function__2.task_1 already registered for DAG: example_task_group_decorator
[2022-10-08T11:34:12.237+0000] {taskmixin.py:205} WARNING - Dependency <Task(_PythonDecoratedOperator): task_group_function__2.task_1>, task_group_function__2.task_2 already registered for DAG: example_task_group_decorator
[2022-10-08T11:34:12.237+0000] {taskmixin.py:205} WARNING - Dependency <Task(_PythonDecoratedOperator): task_group_function__2.task_2>, task_group_function__2.task_1 already registered for DAG: example_task_group_decorator
[2022-10-08T11:34:12.237+0000] {taskmixin.py:205} WARNING - Dependency <Task(_PythonDecoratedOperator): task_group_function__2.task_1>, task_group_function__2.task_2 already registered for DAG: example_task_group_decorator
[2022-10-08T11:34:12.237+0000] {taskmixin.py:205} WARNING - Dependency <Task(_PythonDecoratedOperator): task_group_function__2.task_2>, task_group_function__2.task_1 already registered for DAG: example_task_group_decorator
[2022-10-08T11:34:12.237+0000] {taskmixin.py:205} WARNING - Dependency <Task(_PythonDecoratedOperator): task_group_function__2.task_1>, task_group_function__2.task_2 already registered for DAG: example_task_group_decorator
[2022-10-08T11:34:12.237+0000] {taskmixin.py:205} WARNING - Dependency <Task(_PythonDecoratedOperator): task_group_function__2.task_2>, task_group_function__2.task_1 already registered for DAG: example_task_group_decorator
[2022-10-08T11:34:12.238+0000] {taskmixin.py:205} WARNING - Dependency <Task(_PythonDecoratedOperator): task_group_function__2.task_2>, task_group_function__2.task_3 already registered for DAG: example_task_group_decorator
[2022-10-08T11:34:12.238+0000] {taskmixin.py:205} WARNING - Dependency <Task(_PythonDecoratedOperator): task_group_function__2.task_3>, task_group_function__2.task_2 already registered for DAG: example_task_group_decorator
[2022-10-08T11:34:12.238+0000] {taskmixin.py:205} WARNING - Dependency <Task(_PythonDecoratedOperator): task_group_function__2.task_2>, task_group_function__2.task_3 already registered for DAG: example_task_group_decorator
[2022-10-08T11:34:12.239+0000] {taskmixin.py:205} WARNING - Dependency <Task(_PythonDecoratedOperator): task_group_function__2.task_3>, task_group_function__2.task_2 already registered for DAG: example_task_group_decorator
[2022-10-08T11:34:12.239+0000] {taskmixin.py:205} WARNING - Dependency <Task(_PythonDecoratedOperator): task_group_function__2.task_2>, task_group_function__2.task_3 already registered for DAG: example_task_group_decorator
[2022-10-08T11:34:12.239+0000] {taskmixin.py:205} WARNING - Dependency <Task(_PythonDecoratedOperator): task_group_function__2.task_3>, task_group_function__2.task_2 already registered for DAG: example_task_group_decorator
[2022-10-08T11:34:12.239+0000] {taskmixin.py:205} WARNING - Dependency <Task(_PythonDecoratedOperator): task_group_function__2.task_2>, task_group_function__2.task_3 already registered for DAG: example_task_group_decorator
[2022-10-08T11:34:12.239+0000] {taskmixin.py:205} WARNING - Dependency <Task(_PythonDecoratedOperator): task_group_function__2.task_3>, task_group_function__2.task_2 already registered for DAG: example_task_group_decorator
[2022-10-08T11:34:12.240+0000] {taskmixin.py:205} WARNING - Dependency <Task(_PythonDecoratedOperator): task_group_function__2.task_2>, task_group_function__2.task_3 already registered for DAG: example_task_group_decorator
[2022-10-08T11:34:12.240+0000] {taskmixin.py:205} WARNING - Dependency <Task(_PythonDecoratedOperator): task_group_function__2.task_3>, task_group_function__2.task_2 already registered for DAG: example_task_group_decorator
[2022-10-08T11:34:12.240+0000] {taskmixin.py:205} WARNING - Dependency <Task(_PythonDecoratedOperator): task_group_function__2.task_2>, task_group_function__2.task_3 already registered for DAG: example_task_group_decorator
[2022-10-08T11:34:12.240+0000] {taskmixin.py:205} WARNING - Dependency <Task(_PythonDecoratedOperator): task_group_function__2.task_3>, task_group_function__2.task_2 already registered for DAG: example_task_group_decorator
[2022-10-08T11:34:12.242+0000] {taskmixin.py:205} WARNING - Dependency <Task(_PythonDecoratedOperator): task_group_function__3.task_1>, task_group_function__3.task_2 already registered for DAG: example_task_group_decorator
[2022-10-08T11:34:12.242+0000] {taskmixin.py:205} WARNING - Dependency <Task(_PythonDecoratedOperator): task_group_function__3.task_2>, task_group_function__3.task_1 already registered for DAG: example_task_group_decorator
[2022-10-08T11:34:12.242+0000] {taskmixin.py:205} WARNING - Dependency <Task(_PythonDecoratedOperator): task_group_function__3.task_1>, task_group_function__3.task_2 already registered for DAG: example_task_group_decorator
[2022-10-08T11:34:12.242+0000] {taskmixin.py:205} WARNING - Dependency <Task(_PythonDecoratedOperator): task_group_function__3.task_2>, task_group_function__3.task_1 already registered for DAG: example_task_group_decorator
[2022-10-08T11:34:12.243+0000] {taskmixin.py:205} WARNING - Dependency <Task(_PythonDecoratedOperator): task_group_function__3.task_1>, task_group_function__3.task_2 already registered for DAG: example_task_group_decorator
[2022-10-08T11:34:12.243+0000] {taskmixin.py:205} WARNING - Dependency <Task(_PythonDecoratedOperator): task_group_function__3.task_2>, task_group_function__3.task_1 already registered for DAG: example_task_group_decorator
[2022-10-08T11:34:12.243+0000] {taskmixin.py:205} WARNING - Dependency <Task(_PythonDecoratedOperator): task_group_function__3.task_1>, task_group_function__3.task_2 already registered for DAG: example_task_group_decorator
[2022-10-08T11:34:12.243+0000] {taskmixin.py:205} WARNING - Dependency <Task(_PythonDecoratedOperator): task_group_function__3.task_2>, task_group_function__3.task_1 already registered for DAG: example_task_group_decorator
[2022-10-08T11:34:12.243+0000] {taskmixin.py:205} WARNING - Dependency <Task(_PythonDecoratedOperator): task_group_function__3.task_1>, task_group_function__3.task_2 already registered for DAG: example_task_group_decorator
[2022-10-08T11:34:12.244+0000] {taskmixin.py:205} WARNING - Dependency <Task(_PythonDecoratedOperator): task_group_function__3.task_2>, task_group_function__3.task_1 already registered for DAG: example_task_group_decorator
[2022-10-08T11:34:12.244+0000] {taskmixin.py:205} WARNING - Dependency <Task(_PythonDecoratedOperator): task_group_function__3.task_1>, task_group_function__3.task_2 already registered for DAG: example_task_group_decorator
[2022-10-08T11:34:12.244+0000] {taskmixin.py:205} WARNING - Dependency <Task(_PythonDecoratedOperator): task_group_function__3.task_2>, task_group_function__3.task_1 already registered for DAG: example_task_group_decorator
[2022-10-08T11:34:12.245+0000] {taskmixin.py:205} WARNING - Dependency <Task(_PythonDecoratedOperator): task_group_function__3.task_2>, task_group_function__3.task_3 already registered for DAG: example_task_group_decorator
[2022-10-08T11:34:12.245+0000] {taskmixin.py:205} WARNING - Dependency <Task(_PythonDecoratedOperator): task_group_function__3.task_3>, task_group_function__3.task_2 already registered for DAG: example_task_group_decorator
[2022-10-08T11:34:12.245+0000] {taskmixin.py:205} WARNING - Dependency <Task(_PythonDecoratedOperator): task_group_function__3.task_2>, task_group_function__3.task_3 already registered for DAG: example_task_group_decorator
[2022-10-08T11:34:12.245+0000] {taskmixin.py:205} WARNING - Dependency <Task(_PythonDecoratedOperator): task_group_function__3.task_3>, task_group_function__3.task_2 already registered for DAG: example_task_group_decorator
[2022-10-08T11:34:12.246+0000] {taskmixin.py:205} WARNING - Dependency <Task(_PythonDecoratedOperator): task_group_function__3.task_2>, task_group_function__3.task_3 already registered for DAG: example_task_group_decorator
[2022-10-08T11:34:12.246+0000] {taskmixin.py:205} WARNING - Dependency <Task(_PythonDecoratedOperator): task_group_function__3.task_3>, task_group_function__3.task_2 already registered for DAG: example_task_group_decorator
[2022-10-08T11:34:12.246+0000] {taskmixin.py:205} WARNING - Dependency <Task(_PythonDecoratedOperator): task_group_function__3.task_2>, task_group_function__3.task_3 already registered for DAG: example_task_group_decorator
[2022-10-08T11:34:12.246+0000] {taskmixin.py:205} WARNING - Dependency <Task(_PythonDecoratedOperator): task_group_function__3.task_3>, task_group_function__3.task_2 already registered for DAG: example_task_group_decorator
[2022-10-08T11:34:12.247+0000] {taskmixin.py:205} WARNING - Dependency <Task(_PythonDecoratedOperator): task_group_function__3.task_2>, task_group_function__3.task_3 already registered for DAG: example_task_group_decorator
[2022-10-08T11:34:12.247+0000] {taskmixin.py:205} WARNING - Dependency <Task(_PythonDecoratedOperator): task_group_function__3.task_3>, task_group_function__3.task_2 already registered for DAG: example_task_group_decorator
[2022-10-08T11:34:12.247+0000] {taskmixin.py:205} WARNING - Dependency <Task(_PythonDecoratedOperator): task_group_function__3.task_2>, task_group_function__3.task_3 already registered for DAG: example_task_group_decorator
[2022-10-08T11:34:12.247+0000] {taskmixin.py:205} WARNING - Dependency <Task(_PythonDecoratedOperator): task_group_function__3.task_3>, task_group_function__3.task_2 already registered for DAG: example_task_group_decorator
[2022-10-08T11:34:12.249+0000] {taskmixin.py:205} WARNING - Dependency <Task(_PythonDecoratedOperator): task_group_function__4.task_1>, task_group_function__4.task_2 already registered for DAG: example_task_group_decorator
[2022-10-08T11:34:12.249+0000] {taskmixin.py:205} WARNING - Dependency <Task(_PythonDecoratedOperator): task_group_function__4.task_2>, task_group_function__4.task_1 already registered for DAG: example_task_group_decorator
[2022-10-08T11:34:12.249+0000] {taskmixin.py:205} WARNING - Dependency <Task(_PythonDecoratedOperator): task_group_function__4.task_1>, task_group_function__4.task_2 already registered for DAG: example_task_group_decorator
[2022-10-08T11:34:12.249+0000] {taskmixin.py:205} WARNING - Dependency <Task(_PythonDecoratedOperator): task_group_function__4.task_2>, task_group_function__4.task_1 already registered for DAG: example_task_group_decorator
[2022-10-08T11:34:12.250+0000] {taskmixin.py:205} WARNING - Dependency <Task(_PythonDecoratedOperator): task_group_function__4.task_1>, task_group_function__4.task_2 already registered for DAG: example_task_group_decorator
[2022-10-08T11:34:12.250+0000] {taskmixin.py:205} WARNING - Dependency <Task(_PythonDecoratedOperator): task_group_function__4.task_2>, task_group_function__4.task_1 already registered for DAG: example_task_group_decorator
[2022-10-08T11:34:12.250+0000] {taskmixin.py:205} WARNING - Dependency <Task(_PythonDecoratedOperator): task_group_function__4.task_1>, task_group_function__4.task_2 already registered for DAG: example_task_group_decorator
[2022-10-08T11:34:12.250+0000] {taskmixin.py:205} WARNING - Dependency <Task(_PythonDecoratedOperator): task_group_function__4.task_2>, task_group_function__4.task_1 already registered for DAG: example_task_group_decorator
[2022-10-08T11:34:12.251+0000] {taskmixin.py:205} WARNING - Dependency <Task(_PythonDecoratedOperator): task_group_function__4.task_1>, task_group_function__4.task_2 already registered for DAG: example_task_group_decorator
[2022-10-08T11:34:12.251+0000] {taskmixin.py:205} WARNING - Dependency <Task(_PythonDecoratedOperator): task_group_function__4.task_2>, task_group_function__4.task_1 already registered for DAG: example_task_group_decorator
[2022-10-08T11:34:12.251+0000] {taskmixin.py:205} WARNING - Dependency <Task(_PythonDecoratedOperator): task_group_function__4.task_1>, task_group_function__4.task_2 already registered for DAG: example_task_group_decorator
[2022-10-08T11:34:12.251+0000] {taskmixin.py:205} WARNING - Dependency <Task(_PythonDecoratedOperator): task_group_function__4.task_2>, task_group_function__4.task_1 already registered for DAG: example_task_group_decorator
[2022-10-08T11:34:12.252+0000] {taskmixin.py:205} WARNING - Dependency <Task(_PythonDecoratedOperator): task_group_function__4.task_2>, task_group_function__4.task_3 already registered for DAG: example_task_group_decorator
[2022-10-08T11:34:12.252+0000] {taskmixin.py:205} WARNING - Dependency <Task(_PythonDecoratedOperator): task_group_function__4.task_3>, task_group_function__4.task_2 already registered for DAG: example_task_group_decorator
[2022-10-08T11:34:12.252+0000] {taskmixin.py:205} WARNING - Dependency <Task(_PythonDecoratedOperator): task_group_function__4.task_2>, task_group_function__4.task_3 already registered for DAG: example_task_group_decorator
[2022-10-08T11:34:12.253+0000] {taskmixin.py:205} WARNING - Dependency <Task(_PythonDecoratedOperator): task_group_function__4.task_3>, task_group_function__4.task_2 already registered for DAG: example_task_group_decorator
[2022-10-08T11:34:12.253+0000] {taskmixin.py:205} WARNING - Dependency <Task(_PythonDecoratedOperator): task_group_function__4.task_2>, task_group_function__4.task_3 already registered for DAG: example_task_group_decorator
[2022-10-08T11:34:12.253+0000] {taskmixin.py:205} WARNING - Dependency <Task(_PythonDecoratedOperator): task_group_function__4.task_3>, task_group_function__4.task_2 already registered for DAG: example_task_group_decorator
[2022-10-08T11:34:12.253+0000] {taskmixin.py:205} WARNING - Dependency <Task(_PythonDecoratedOperator): task_group_function__4.task_2>, task_group_function__4.task_3 already registered for DAG: example_task_group_decorator
[2022-10-08T11:34:12.253+0000] {taskmixin.py:205} WARNING - Dependency <Task(_PythonDecoratedOperator): task_group_function__4.task_3>, task_group_function__4.task_2 already registered for DAG: example_task_group_decorator
[2022-10-08T11:34:12.254+0000] {taskmixin.py:205} WARNING - Dependency <Task(_PythonDecoratedOperator): task_group_function__4.task_2>, task_group_function__4.task_3 already registered for DAG: example_task_group_decorator
[2022-10-08T11:34:12.254+0000] {taskmixin.py:205} WARNING - Dependency <Task(_PythonDecoratedOperator): task_group_function__4.task_3>, task_group_function__4.task_2 already registered for DAG: example_task_group_decorator
[2022-10-08T11:34:12.254+0000] {taskmixin.py:205} WARNING - Dependency <Task(_PythonDecoratedOperator): task_group_function__4.task_2>, task_group_function__4.task_3 already registered for DAG: example_task_group_decorator
[2022-10-08T11:34:12.254+0000] {taskmixin.py:205} WARNING - Dependency <Task(_PythonDecoratedOperator): task_group_function__4.task_3>, task_group_function__4.task_2 already registered for DAG: example_task_group_decorator
[2022-10-08T11:34:12.265+0000] {taskmixin.py:205} WARNING - Dependency <Task(_PythonDecoratedOperator): push_by_returning>, puller already registered for DAG: example_xcom
[2022-10-08T11:34:12.323+0000] {taskmixin.py:205} WARNING - Dependency <Task(_PythonDecoratedOperator): puller>, push_by_returning already registered for DAG: example_xcom
[2022-10-08T11:34:12.324+0000] {taskmixin.py:205} WARNING - Dependency <Task(_PythonDecoratedOperator): push_by_returning>, puller already registered for DAG: example_xcom
[2022-10-08T11:34:12.324+0000] {taskmixin.py:205} WARNING - Dependency <Task(_PythonDecoratedOperator): puller>, push_by_returning already registered for DAG: example_xcom
[2022-10-08T11:34:12.324+0000] {taskmixin.py:205} WARNING - Dependency <Task(_PythonDecoratedOperator): push_by_returning>, puller already registered for DAG: example_xcom
[2022-10-08T11:34:12.325+0000] {taskmixin.py:205} WARNING - Dependency <Task(_PythonDecoratedOperator): puller>, push_by_returning already registered for DAG: example_xcom
[2022-10-08T11:34:12.325+0000] {taskmixin.py:205} WARNING - Dependency <Task(_PythonDecoratedOperator): push_by_returning>, puller already registered for DAG: example_xcom
[2022-10-08T11:34:12.325+0000] {taskmixin.py:205} WARNING - Dependency <Task(_PythonDecoratedOperator): puller>, push_by_returning already registered for DAG: example_xcom
[2022-10-08T11:34:12.325+0000] {taskmixin.py:205} WARNING - Dependency <Task(_PythonDecoratedOperator): push_by_returning>, puller already registered for DAG: example_xcom
[2022-10-08T11:34:12.326+0000] {taskmixin.py:205} WARNING - Dependency <Task(_PythonDecoratedOperator): puller>, push_by_returning already registered for DAG: example_xcom
[2022-10-08T11:34:12.326+0000] {taskmixin.py:205} WARNING - Dependency <Task(_PythonDecoratedOperator): push_by_returning>, puller already registered for DAG: example_xcom
[2022-10-08T11:34:12.326+0000] {taskmixin.py:205} WARNING - Dependency <Task(_PythonDecoratedOperator): puller>, push_by_returning already registered for DAG: example_xcom
[2022-10-08T11:34:12.330+0000] {taskmixin.py:205} WARNING - Dependency <Task(_PythonDecoratedOperator): generate_value>, print_value already registered for DAG: example_xcom_args
[2022-10-08T11:34:12.330+0000] {taskmixin.py:205} WARNING - Dependency <Task(_PythonDecoratedOperator): print_value>, generate_value already registered for DAG: example_xcom_args
[2022-10-08T11:34:12.330+0000] {taskmixin.py:205} WARNING - Dependency <Task(_PythonDecoratedOperator): generate_value>, print_value already registered for DAG: example_xcom_args
[2022-10-08T11:34:12.330+0000] {taskmixin.py:205} WARNING - Dependency <Task(_PythonDecoratedOperator): print_value>, generate_value already registered for DAG: example_xcom_args
[2022-10-08T11:34:12.331+0000] {taskmixin.py:205} WARNING - Dependency <Task(_PythonDecoratedOperator): generate_value>, print_value already registered for DAG: example_xcom_args
[2022-10-08T11:34:12.331+0000] {taskmixin.py:205} WARNING - Dependency <Task(_PythonDecoratedOperator): print_value>, generate_value already registered for DAG: example_xcom_args
[2022-10-08T11:34:12.331+0000] {taskmixin.py:205} WARNING - Dependency <Task(_PythonDecoratedOperator): generate_value>, print_value already registered for DAG: example_xcom_args
[2022-10-08T11:34:12.331+0000] {taskmixin.py:205} WARNING - Dependency <Task(_PythonDecoratedOperator): print_value>, generate_value already registered for DAG: example_xcom_args
[2022-10-08T11:34:12.331+0000] {taskmixin.py:205} WARNING - Dependency <Task(_PythonDecoratedOperator): generate_value>, print_value already registered for DAG: example_xcom_args
[2022-10-08T11:34:12.332+0000] {taskmixin.py:205} WARNING - Dependency <Task(_PythonDecoratedOperator): print_value>, generate_value already registered for DAG: example_xcom_args
[2022-10-08T11:34:12.332+0000] {taskmixin.py:205} WARNING - Dependency <Task(_PythonDecoratedOperator): generate_value>, print_value already registered for DAG: example_xcom_args
[2022-10-08T11:34:12.332+0000] {taskmixin.py:205} WARNING - Dependency <Task(_PythonDecoratedOperator): print_value>, generate_value already registered for DAG: example_xcom_args
[2022-10-08T11:34:12.341+0000] {taskmixin.py:205} WARNING - Dependency <Task(_PythonDecoratedOperator): extract>, transform already registered for DAG: tutorial_taskflow_api
[2022-10-08T11:34:12.342+0000] {taskmixin.py:205} WARNING - Dependency <Task(_PythonDecoratedOperator): transform>, extract already registered for DAG: tutorial_taskflow_api
[2022-10-08T11:34:12.342+0000] {taskmixin.py:205} WARNING - Dependency <Task(_PythonDecoratedOperator): extract>, transform already registered for DAG: tutorial_taskflow_api
[2022-10-08T11:34:12.342+0000] {taskmixin.py:205} WARNING - Dependency <Task(_PythonDecoratedOperator): transform>, extract already registered for DAG: tutorial_taskflow_api
[2022-10-08T11:34:12.342+0000] {taskmixin.py:205} WARNING - Dependency <Task(_PythonDecoratedOperator): extract>, transform already registered for DAG: tutorial_taskflow_api
[2022-10-08T11:34:12.342+0000] {taskmixin.py:205} WARNING - Dependency <Task(_PythonDecoratedOperator): transform>, extract already registered for DAG: tutorial_taskflow_api
[2022-10-08T11:34:12.343+0000] {taskmixin.py:205} WARNING - Dependency <Task(_PythonDecoratedOperator): extract>, transform already registered for DAG: tutorial_taskflow_api
[2022-10-08T11:34:12.343+0000] {taskmixin.py:205} WARNING - Dependency <Task(_PythonDecoratedOperator): transform>, extract already registered for DAG: tutorial_taskflow_api
[2022-10-08T11:34:12.343+0000] {taskmixin.py:205} WARNING - Dependency <Task(_PythonDecoratedOperator): extract>, transform already registered for DAG: tutorial_taskflow_api
[2022-10-08T11:34:12.343+0000] {taskmixin.py:205} WARNING - Dependency <Task(_PythonDecoratedOperator): transform>, extract already registered for DAG: tutorial_taskflow_api
[2022-10-08T11:34:12.343+0000] {taskmixin.py:205} WARNING - Dependency <Task(_PythonDecoratedOperator): extract>, transform already registered for DAG: tutorial_taskflow_api
[2022-10-08T11:34:12.344+0000] {taskmixin.py:205} WARNING - Dependency <Task(_PythonDecoratedOperator): transform>, extract already registered for DAG: tutorial_taskflow_api
[2022-10-08T11:34:12.345+0000] {taskmixin.py:205} WARNING - Dependency <Task(_PythonDecoratedOperator): transform>, load already registered for DAG: tutorial_taskflow_api
[2022-10-08T11:34:12.345+0000] {taskmixin.py:205} WARNING - Dependency <Task(_PythonDecoratedOperator): load>, transform already registered for DAG: tutorial_taskflow_api
[2022-10-08T11:34:12.345+0000] {taskmixin.py:205} WARNING - Dependency <Task(_PythonDecoratedOperator): transform>, load already registered for DAG: tutorial_taskflow_api
[2022-10-08T11:34:12.345+0000] {taskmixin.py:205} WARNING - Dependency <Task(_PythonDecoratedOperator): load>, transform already registered for DAG: tutorial_taskflow_api
[2022-10-08T11:34:12.345+0000] {taskmixin.py:205} WARNING - Dependency <Task(_PythonDecoratedOperator): transform>, load already registered for DAG: tutorial_taskflow_api
[2022-10-08T11:34:12.346+0000] {taskmixin.py:205} WARNING - Dependency <Task(_PythonDecoratedOperator): load>, transform already registered for DAG: tutorial_taskflow_api
[2022-10-08T11:34:12.346+0000] {taskmixin.py:205} WARNING - Dependency <Task(_PythonDecoratedOperator): transform>, load already registered for DAG: tutorial_taskflow_api
[2022-10-08T11:34:12.346+0000] {taskmixin.py:205} WARNING - Dependency <Task(_PythonDecoratedOperator): load>, transform already registered for DAG: tutorial_taskflow_api
[2022-10-08T11:34:12.346+0000] {taskmixin.py:205} WARNING - Dependency <Task(_PythonDecoratedOperator): transform>, load already registered for DAG: tutorial_taskflow_api
[2022-10-08T11:34:12.347+0000] {taskmixin.py:205} WARNING - Dependency <Task(_PythonDecoratedOperator): load>, transform already registered for DAG: tutorial_taskflow_api
[2022-10-08T11:34:12.347+0000] {taskmixin.py:205} WARNING - Dependency <Task(_PythonDecoratedOperator): transform>, load already registered for DAG: tutorial_taskflow_api
[2022-10-08T11:34:12.347+0000] {taskmixin.py:205} WARNING - Dependency <Task(_PythonDecoratedOperator): load>, transform already registered for DAG: tutorial_taskflow_api
[2022-10-08T11:34:12.350+0000] {taskmixin.py:205} WARNING - Dependency <Task(_PythonVirtualenvDecoratedOperator): extract>, transform already registered for DAG: tutorial_taskflow_api_virtualenv
[2022-10-08T11:34:12.350+0000] {taskmixin.py:205} WARNING - Dependency <Task(_PythonDecoratedOperator): transform>, extract already registered for DAG: tutorial_taskflow_api_virtualenv
[2022-10-08T11:34:12.351+0000] {taskmixin.py:205} WARNING - Dependency <Task(_PythonVirtualenvDecoratedOperator): extract>, transform already registered for DAG: tutorial_taskflow_api_virtualenv
[2022-10-08T11:34:12.351+0000] {taskmixin.py:205} WARNING - Dependency <Task(_PythonDecoratedOperator): transform>, extract already registered for DAG: tutorial_taskflow_api_virtualenv
[2022-10-08T11:34:12.351+0000] {taskmixin.py:205} WARNING - Dependency <Task(_PythonVirtualenvDecoratedOperator): extract>, transform already registered for DAG: tutorial_taskflow_api_virtualenv
[2022-10-08T11:34:12.351+0000] {taskmixin.py:205} WARNING - Dependency <Task(_PythonDecoratedOperator): transform>, extract already registered for DAG: tutorial_taskflow_api_virtualenv
[2022-10-08T11:34:12.351+0000] {taskmixin.py:205} WARNING - Dependency <Task(_PythonVirtualenvDecoratedOperator): extract>, transform already registered for DAG: tutorial_taskflow_api_virtualenv
[2022-10-08T11:34:12.352+0000] {taskmixin.py:205} WARNING - Dependency <Task(_PythonDecoratedOperator): transform>, extract already registered for DAG: tutorial_taskflow_api_virtualenv
[2022-10-08T11:34:12.352+0000] {taskmixin.py:205} WARNING - Dependency <Task(_PythonVirtualenvDecoratedOperator): extract>, transform already registered for DAG: tutorial_taskflow_api_virtualenv
[2022-10-08T11:34:12.352+0000] {taskmixin.py:205} WARNING - Dependency <Task(_PythonDecoratedOperator): transform>, extract already registered for DAG: tutorial_taskflow_api_virtualenv
[2022-10-08T11:34:12.352+0000] {taskmixin.py:205} WARNING - Dependency <Task(_PythonVirtualenvDecoratedOperator): extract>, transform already registered for DAG: tutorial_taskflow_api_virtualenv
[2022-10-08T11:34:12.352+0000] {taskmixin.py:205} WARNING - Dependency <Task(_PythonDecoratedOperator): transform>, extract already registered for DAG: tutorial_taskflow_api_virtualenv
[2022-10-08T11:34:12.353+0000] {taskmixin.py:205} WARNING - Dependency <Task(_PythonDecoratedOperator): transform>, load already registered for DAG: tutorial_taskflow_api_virtualenv
[2022-10-08T11:34:12.353+0000] {taskmixin.py:205} WARNING - Dependency <Task(_PythonDecoratedOperator): load>, transform already registered for DAG: tutorial_taskflow_api_virtualenv
[2022-10-08T11:34:12.354+0000] {taskmixin.py:205} WARNING - Dependency <Task(_PythonDecoratedOperator): transform>, load already registered for DAG: tutorial_taskflow_api_virtualenv
[2022-10-08T11:34:12.354+0000] {taskmixin.py:205} WARNING - Dependency <Task(_PythonDecoratedOperator): load>, transform already registered for DAG: tutorial_taskflow_api_virtualenv
[2022-10-08T11:34:12.354+0000] {taskmixin.py:205} WARNING - Dependency <Task(_PythonDecoratedOperator): transform>, load already registered for DAG: tutorial_taskflow_api_virtualenv
[2022-10-08T11:34:12.354+0000] {taskmixin.py:205} WARNING - Dependency <Task(_PythonDecoratedOperator): load>, transform already registered for DAG: tutorial_taskflow_api_virtualenv
[2022-10-08T11:34:12.354+0000] {taskmixin.py:205} WARNING - Dependency <Task(_PythonDecoratedOperator): transform>, load already registered for DAG: tutorial_taskflow_api_virtualenv
[2022-10-08T11:34:12.355+0000] {taskmixin.py:205} WARNING - Dependency <Task(_PythonDecoratedOperator): load>, transform already registered for DAG: tutorial_taskflow_api_virtualenv
[2022-10-08T11:34:12.355+0000] {taskmixin.py:205} WARNING - Dependency <Task(_PythonDecoratedOperator): transform>, load already registered for DAG: tutorial_taskflow_api_virtualenv
[2022-10-08T11:34:12.355+0000] {taskmixin.py:205} WARNING - Dependency <Task(_PythonDecoratedOperator): load>, transform already registered for DAG: tutorial_taskflow_api_virtualenv
[2022-10-08T11:34:12.355+0000] {taskmixin.py:205} WARNING - Dependency <Task(_PythonDecoratedOperator): transform>, load already registered for DAG: tutorial_taskflow_api_virtualenv
[2022-10-08T11:34:12.355+0000] {taskmixin.py:205} WARNING - Dependency <Task(_PythonDecoratedOperator): load>, transform already registered for DAG: tutorial_taskflow_api_virtualenv
[2022-10-08T11:34:12.540+0000] {task_command.py:384} INFO - Running <TaskInstance: my_dag.print_hey scheduled__2022-10-08T02:21:00+00:00 [running]> on host b38b4e154b56
[2022-10-08T11:34:12.740+0000] {taskinstance.py:1592} INFO - Exporting the following env vars:
AIRFLOW_CTX_DAG_OWNER=***
AIRFLOW_CTX_DAG_ID=my_dag
AIRFLOW_CTX_TASK_ID=print_hey
AIRFLOW_CTX_EXECUTION_DATE=2022-10-08T02:21:00+00:00
AIRFLOW_CTX_TRY_NUMBER=1
AIRFLOW_CTX_DAG_RUN_ID=scheduled__2022-10-08T02:21:00+00:00
[2022-10-08T11:34:12.741+0000] {logging_mixin.py:117} INFO - Hey!
[2022-10-08T11:34:12.741+0000] {python.py:177} INFO - Done. Returned value was: None
[2022-10-08T11:34:12.760+0000] {taskinstance.py:1406} INFO - Marking task as SUCCESS. dag_id=my_dag, task_id=print_hey, execution_date=20221008T022100, start_date=20221008T113411, end_date=20221008T113412
[2022-10-08T11:34:12.863+0000] {local_task_job.py:164} INFO - Task exited with return code 0
[2022-10-08T11:34:13.056+0000] {local_task_job.py:273} INFO - 0 downstream tasks scheduled from follow-on schedule check
